Log file open, 08/09/17 16:28:15
LogInit:Display: Running engine for game: MyProject
LogPlatformFile: Not using cached read wrapper
LogInit:Display: RandInit(-1822371053) SRandInit(-1822371053).
LogTaskGraph: Started task graph with 5 named threads and 6 total threads with 1 sets of task threads.
LogStats: Stats thread started at 0.074197
LogInit: Using libcurl 7.47.1
LogInit:  - built for x86_64-pc-win32
LogInit:  - supports SSL with OpenSSL/1.0.2g
LogInit:  - supports HTTP deflate (compression) using libz 1.2.8
LogInit:  - other features:
LogInit:      CURL_VERSION_SSL
LogInit:      CURL_VERSION_LIBZ
LogInit:      CURL_VERSION_IPV6
LogInit:      CURL_VERSION_ASYNCHDNS
LogInit:      CURL_VERSION_LARGEFILE
LogInit:      CURL_VERSION_IDN
LogInit:  CurlRequestOptions (configurable via config and command line):
LogInit:  - bVerifyPeer = false  - Libcurl will NOT verify peer certificate
LogInit:  - bUseHttpProxy = false  - Libcurl will NOT use HTTP proxy
LogInit:  - bDontReuseConnections = false  - Libcurl will reuse connections
LogInit:  - CertBundlePath = nullptr  - Libcurl will use whatever was configured at build time.
LogInit: Build: ++UE4+Release-4.16-CL-3561208
LogInit: Engine Version: 4.16.3-3561208+++UE4+Release-4.16
LogInit: Compatible Engine Version: 4.16.0-3452394+++UE4+Release-4.16
LogInit: Net CL: 3452394
LogDevObjectVersion: Number of dev versions registered: 16
LogDevObjectVersion:   Dev-Blueprints (B0D832E4-1F89-4F0D-ACCF-7EB736FD4AA2): 9
LogDevObjectVersion:   Dev-Build (E1C64328-A22C-4D53-A36C-8E866417BD8C): 0
LogDevObjectVersion:   Dev-Core (375EC13C-06E4-48FB-B500-84F0262A717E): 2
LogDevObjectVersion:   Dev-Editor (E4B068ED-F494-42E9-A231-DA0B2E46BB41): 17
LogDevObjectVersion:   Dev-Framework (CFFC743F-43B0-4480-9391-14DF171D2073): 23
LogDevObjectVersion:   Dev-Mobile (B02B49B5-BB20-44E9-A304-32B752E40360): 0
LogDevObjectVersion:   Dev-Networking (A4E4105C-59A1-49B5-A7C5-40C4547EDFEE): 0
LogDevObjectVersion:   Dev-Online (39C831C9-5AE6-47DC-9A44-9C173E1C8E7C): 0
LogDevObjectVersion:   Dev-Physics (78F01B33-EBEA-4F98-B9B4-84EACCB95AA2): 0
LogDevObjectVersion:   Dev-Platform (6631380F-2D4D-43E0-8009-CF276956A95A): 0
LogDevObjectVersion:   Dev-Rendering (12F88B9F-8875-4AFC-A67C-D90C383ABD29): 15
LogDevObjectVersion:   Dev-Sequencer (7B5AE74C-D270-4C10-A958-57980B212A5A): 4
LogDevObjectVersion:   Dev-VR (D7296918-1DD6-4BDD-9DE2-64A83CC13884): 0
LogDevObjectVersion:   Dev-LoadTimes (C2A15278-BFE7-4AFE-6C17-90FF531DF755): 1
LogDevObjectVersion:   Private-Geometry (6EACA3D4-40EC-4CC1-B786-8BED09428FC5): 1
LogDevObjectVersion:   Dev-AnimPhys (29E575DD-E0A3-4627-9D10-D276232CDCEA): 3
LogInit: Compiled (64-bit): Jul 28 2017 11:49:47
LogInit: Compiled with Visual C++: 19.00.24215.01
LogInit: Build Configuration: Development
LogInit: Branch Name: ++UE4+Release-4.16
LogInit: Command line: -EpicPortal 
LogInit: Base directory: C:/Program Files/Epic Games/UE_4.16/Engine/Binaries/Win64/
LogInit: Installed Engine Build: 1
LogInit: Presizing for max 8388607 objects, including 0 objects not considered by GC, pre-allocating 0 bytes for permanent pool.
LogInit: Object subsystem initialized
[2017.08.09-07.28.15:952][  0]LogInit: Selected Device Profile: [Windows]
[2017.08.09-07.28.15:952][  0]LogInit: Applying CVar settings loaded from the selected device profile: [Windows]
[2017.08.09-07.28.15:968][  0]LogInit: Computer: DESKTOP-U7D5BE0
[2017.08.09-07.28.15:968][  0]LogInit: User: gmar
[2017.08.09-07.28.15:968][  0]LogInit: CPU Page size=4096, Cores=2
[2017.08.09-07.28.15:968][  0]LogInit: High frequency timer resolution =2.343750 MHz
[2017.08.09-07.28.15:968][  0]LogMemory: Memory total: Physical=15.9GB (16GB approx)
[2017.08.09-07.28.15:968][  0]LogMemory: Platform Memory Stats for Windows
[2017.08.09-07.28.15:968][  0]LogMemory: Process Physical Memory: 272.93 MB used, 272.93 MB peak
[2017.08.09-07.28.15:968][  0]LogMemory: Process Virtual Memory: 266.36 MB used, 266.36 MB peak
[2017.08.09-07.28.15:968][  0]LogMemory: Physical Memory: 8358.91 MB used,  7910.11 MB free, 16269.02 MB total
[2017.08.09-07.28.15:968][  0]LogMemory: Virtual Memory: 642.10 MB used,  7910.11 MB free, 134217728.00 MB total
[2017.08.09-07.28.16:045][  0]LogInit: Using OS detected language (en-US).
[2017.08.09-07.28.16:045][  0]LogInit: Using OS detected locale (en-US).
[2017.08.09-07.28.16:048][  0]LogTextLocalizationManager: No specific localization for 'en-US' exists, so the 'en' localization will be used.
[2017.08.09-07.28.17:069][  0]LogD3D11RHI: D3D11 adapters:
[2017.08.09-07.28.17:076][  0]LogD3D11RHI:    0. 'Intel(R) Iris(TM) Plus Graphics 640' (Feature Level 11_0)
[2017.08.09-07.28.17:076][  0]LogD3D11RHI:       128/0/8134 MB DedicatedVideo/DedicatedSystem/SharedSystem, Outputs:1, VendorId:0x8086
[2017.08.09-07.28.17:077][  0]LogD3D11RHI:    1. 'Microsoft Basic Render Driver' (Feature Level 11_0)
[2017.08.09-07.28.17:077][  0]LogD3D11RHI:       0/0/8134 MB DedicatedVideo/DedicatedSystem/SharedSystem, Outputs:0, VendorId:0x1414
[2017.08.09-07.28.17:077][  0]LogD3D11RHI: Chosen D3D11 Adapter: 0
[2017.08.09-07.28.17:084][  0]LogD3D11RHI: Creating new Direct3DDevice
[2017.08.09-07.28.17:084][  0]LogD3D11RHI:     GPU DeviceId: 0x5926 (for the marketing name, search the web for "GPU Device Id")
[2017.08.09-07.28.17:084][  0]LogWindows: EnumDisplayDevices:
[2017.08.09-07.28.17:084][  0]LogWindows:    0. 'Intel(R) Iris(TM) Plus Graphics 640' (P:1 D:1)
[2017.08.09-07.28.17:084][  0]LogWindows:    1. 'Intel(R) Iris(TM) Plus Graphics 640' (P:0 D:0)
[2017.08.09-07.28.17:084][  0]LogWindows:    2. 'Intel(R) Iris(TM) Plus Graphics 640' (P:0 D:0)
[2017.08.09-07.28.17:084][  0]LogWindows: DebugString: FoundDriverCount:3 
[2017.08.09-07.28.17:084][  0]LogD3D11RHI:     Adapter Name: Intel(R) Iris(TM) Plus Graphics 640
[2017.08.09-07.28.17:084][  0]LogD3D11RHI:   Driver Version: 21.20.16.4627 (internal:21.20.16.4627, unified:21.20.16.4627)
[2017.08.09-07.28.17:084][  0]LogD3D11RHI:      Driver Date: 3-9-2017
[2017.08.09-07.28.17:084][  0]LogRHI: Texture pool is 1361 MB (70% of 1945 MB)
[2017.08.09-07.28.17:089][  0]LogD3D11RHI: Async texture creation enabled
[2017.08.09-07.28.17:093][  0]LogD3D11RHI: GPU Timing Frequency: 12.000000 (Debug: 2 0)
[2017.08.09-07.28.17:094][  0]LogShaderCompilers: Guid format shader working directory is -19 characters bigger than the processId version (../../../../../../Users/g_mar/Documents/Unreal Projects/MyProject/Intermediate/Shaders/WorkingDirectory/6788/).
[2017.08.09-07.28.17:094][  0]LogShaderCompilers: Cleaned the shader compiler working directory 'C:/Users/g_mar/AppData/Local/Temp/UnrealShaderWorkingDir/AE07CDEC475136CA97276D83B2F92AF2/'.
[2017.08.09-07.28.17:094][  0]LogShaderCompilers:Display: Using Local Shader Compiler.
[2017.08.09-07.28.18:205][  0]LogTemp:Display: Loaded TP AllDesktopTargetPlatform
[2017.08.09-07.28.18:249][  0]LogTemp:Display: Loaded TP MacClientTargetPlatform
[2017.08.09-07.28.18:293][  0]LogTemp:Display: Loaded TP MacNoEditorTargetPlatform
[2017.08.09-07.28.18:339][  0]LogTemp:Display: Loaded TP MacServerTargetPlatform
[2017.08.09-07.28.18:386][  0]LogTemp:Display: Loaded TP MacTargetPlatform
[2017.08.09-07.28.18:432][  0]LogTemp:Display: Loaded TP WindowsClientTargetPlatform
[2017.08.09-07.28.18:479][  0]LogTemp:Display: Loaded TP WindowsNoEditorTargetPlatform
[2017.08.09-07.28.18:526][  0]LogTemp:Display: Loaded TP WindowsServerTargetPlatform
[2017.08.09-07.28.18:566][  0]LogTemp:Display: Loaded TP WindowsTargetPlatform
[2017.08.09-07.28.18:609][  0]LogTemp:Display: Loaded TP AndroidTargetPlatform
[2017.08.09-07.28.18:651][  0]LogTemp:Display: Loaded TP Android_ASTCTargetPlatform
[2017.08.09-07.28.18:693][  0]LogTemp:Display: Loaded TP Android_ATCTargetPlatform
[2017.08.09-07.28.18:738][  0]LogTemp:Display: Loaded TP Android_DXTTargetPlatform
[2017.08.09-07.28.18:782][  0]LogTemp:Display: Loaded TP Android_ETC1TargetPlatform
[2017.08.09-07.28.18:823][  0]LogTemp:Display: Loaded TP Android_ETC2TargetPlatform
[2017.08.09-07.28.18:942][  0]LogTemp:Display: Loaded TP Android_MultiTargetPlatform
[2017.08.09-07.28.18:942][  0]LogTemp:Display: Loaded TP Android_PVRTCTargetPlatform
[2017.08.09-07.28.18:977][  0]LogTemp:Display: Loaded TP HTML5TargetPlatform
[2017.08.09-07.28.19:062][  0]LogTemp:Display: Loaded TP IOSTargetPlatform
[2017.08.09-07.28.19:095][  0]LogTemp:Display: Loaded TP TVOSTargetPlatform
[2017.08.09-07.28.19:141][  0]LogTemp:Display: Loaded TP LinuxClientTargetPlatform
[2017.08.09-07.28.19:185][  0]LogTemp:Display: Loaded TP LinuxNoEditorTargetPlatform
[2017.08.09-07.28.19:230][  0]LogTemp:Display: Loaded TP LinuxServerTargetPlatform
[2017.08.09-07.28.19:273][  0]LogTemp:Display: Loaded TP LinuxTargetPlatform
[2017.08.09-07.28.19:273][  0]LogTargetPlatformManager:Display: Building Assets For Windows
[2017.08.09-07.28.19:728][  0]LogDerivedDataCache:Display: Max Cache Size: 512 MB
[2017.08.09-07.28.19:862][  0]LogDerivedDataCache: Loaded boot cache 0.13s 90MB C:/Users/g_mar/AppData/Local/UnrealEngine/4.16/DerivedDataCache/Boot.ddc.
[2017.08.09-07.28.19:865][  0]LogDerivedDataCache:Display: Loaded Boot cache: C:/Users/g_mar/AppData/Local/UnrealEngine/4.16/DerivedDataCache/Boot.ddc
[2017.08.09-07.28.19:865][  0]LogDerivedDataCache: FDerivedDataBackendGraph:  Pak pak cache file ../../../../../../Users/g_mar/Documents/Unreal Projects/MyProject/DerivedDataCache/DDC.ddp not found, will not use a pak cache.
[2017.08.09-07.28.19:865][  0]LogDerivedDataCache: Unable to find inner node Pak for hierarchical cache Hierarchy.
[2017.08.09-07.28.19:865][  0]LogDerivedDataCache: FDerivedDataBackendGraph:  CompressedPak pak cache file ../../../../../../Users/g_mar/Documents/Unreal Projects/MyProject/DerivedDataCache/Compressed.ddp not found, will not use a pak cache.
[2017.08.09-07.28.19:865][  0]LogDerivedDataCache: Unable to find inner node CompressedPak for hierarchical cache Hierarchy.
[2017.08.09-07.28.19:885][  0]LogDerivedDataCache:Display: Pak cache opened for reading ../../../Engine/DerivedDataCache/Compressed.ddp.
[2017.08.09-07.28.19:897][  0]LogDerivedDataCache: Using Local data cache path C:/Users/g_mar/AppData/Local/UnrealEngine/Common/DerivedDataCache: Writable
[2017.08.09-07.28.19:912][  0]LogMaterial: Verifying Global Shaders for PCD3D_SM5
[2017.08.09-07.28.19:913][  0]LogSlate: Using Freetype 2.6.0
[2017.08.09-07.28.19:914][  0]LogSlate: SlateFontCache - WITH_FREETYPE: 1, WITH_HARFBUZZ: 1
[2017.08.09-07.28.19:914][  0]LogSlate: SlateFontCache - WITH_FREETYPE: 1, WITH_HARFBUZZ: 1
[2017.08.09-07.28.20:358][  0]LogInit: Selected Device Profile: [Windows]
[2017.08.09-07.28.20:439][  0]LogContentStreaming: Texture pool size is 0.00 MB
[2017.08.09-07.28.20:622][  0]LogMeshUtilities: Using QuadricMeshReduction for automatic static mesh reduction
[2017.08.09-07.28.20:666][  0]LogSimplygon: Simplygon DLL not present - disabling.
[2017.08.09-07.28.20:712][  0]LogMeshUtilities: Using SimplygonSwarm for distributed automatic mesh merging
[2017.08.09-07.28.20:712][  0]LogMeshUtilities: No automatic skeletal mesh reduction module available
[2017.08.09-07.28.20:712][  0]LogMeshUtilities: No automatic mesh merging module available
[2017.08.09-07.28.21:323][  0]LogNetVersion: MyProject , NetCL: 3452394, EngineNetVer: 2, GameNetVer: 0 (Checksum: 1111101373)
[2017.08.09-07.28.21:391][  0]LogAssetRegistry: FAssetRegistry took 0.0271 seconds to start up
[2017.08.09-07.28.21:486][  0]LogPackageLocalizationCache: Processed 4 localized package path(s) for 2 prioritized culture(s) in 0.059345 seconds
[2017.08.09-07.28.21:493][  0]LogUObjectArray: 34194 objects as part of root set at end of initial load.
[2017.08.09-07.28.21:493][  0]LogUObjectAllocator: 7260424 out of 0 bytes used by permanent object pool.
[2017.08.09-07.28.21:493][  0]LogUObjectArray: CloseDisregardForGC: 0/0 objects in disregard for GC pool
[2017.08.09-07.28.21:572][  0]LogInit: WinSock: version 1.1 (2.2), MaxSocks=32767, MaxUdp=65467
[2017.08.09-07.28.24:077][  0]LogTcpMessaging: Initializing TcpMessaging bridge
[2017.08.09-07.28.24:113][  0]LogUdpMessaging: Initializing bridge on interface 0.0.0.0:0 to multicast group 230.0.0.1:6666.
[2017.08.09-07.28.24:578][  0]LogMaterial: Uniform references updated for custom material expression Custom.
[2017.08.09-07.28.24:977][  0]SourceControl: Info Source control is disabled
[2017.08.09-07.28.24:978][  0]SourceControl: Info Source control is disabled
[2017.08.09-07.28.25:021][  0]SourceControl: Info Source control is disabled
[2017.08.09-07.28.25:064][  0]SourceControl: Info Source control is disabled
[2017.08.09-07.28.25:666][  0]LogAndroidPermission: UAndroidPermissionCallbackProxy::GetInstance
[2017.08.09-07.28.26:217][  0]LogEngine: Initializing Engine...
[2017.08.09-07.28.26:218][  0]LogHMD: Failed to initialize OpenVR with code 110
[2017.08.09-07.28.26:413][  0]LogStats: UGameplayTagsManager::ConstructGameplayTagTree: Construct from data asset -  0.000 s
[2017.08.09-07.28.26:413][  0]LogStats: UGameplayTagsManager::ConstructGameplayTagTree: GameplayTagTreeChangedEvent.Broadcast -  0.000 s
[2017.08.09-07.28.26:540][  0]LogAIModule: Creating AISystem for world Untitled
[2017.08.09-07.28.26:547][  0]LogInit: XAudio2 using 'スピーカー / ヘッドホン (Realtek Audio)' : 2 channels at 48 kHz using 32 bits per sample (channel mask 0x3)
[2017.08.09-07.28.26:559][  0]LogInit: FAudioDevice initialized.
[2017.08.09-07.28.26:602][  0]LogDerivedDataCache: Saved boot cache 0.04s 90MB C:/Users/g_mar/AppData/Local/UnrealEngine/4.16/DerivedDataCache/Boot.ddc.
[2017.08.09-07.28.26:609][  0]LogInit: Texture streaming: Enabled
[2017.08.09-07.28.26:716][  0]LogEngineSessionManager: EngineSessionManager initialized
[2017.08.09-07.28.26:961][  0]LogInit: Transaction tracking system initialized
[2017.08.09-07.28.27:290][  0]BlueprintLog: New page: Editor Load
[2017.08.09-07.28.28:215][  0]LocalizationService: Info Localization service is disabled
[2017.08.09-07.28.28:840][  0]LogConsoleResponse:Display: 
[2017.08.09-07.28.29:010][  0]LogCook:Display: Max memory allowance for cook 16384mb min free memory 0mb
[2017.08.09-07.28.29:010][  0]LogCook:Display: Mobile HDR setting 1
[2017.08.09-07.28.29:153][  0]LogFileCache: Scanning file cache for directory 'C:/Users/g_mar/Documents/Unreal Projects/MyProject/Content/' took 0.02s
[2017.08.09-07.28.29:999][  0]SourceControl: Info Source control is disabled
[2017.08.09-07.28.29:999][  0]Cmd: MAP LOAD FILE="../../../../../../Users/g_mar/Documents/Unreal Projects/MyProject/Content/MegaClone/maps/world1.umap" TEMPLATE=0 SHOWPROGRESS=1 FEATURELEVEL=3
[2017.08.09-07.28.30:007][  0]LightingResults: New page: Lighting Build
[2017.08.09-07.28.30:045][  0]MapCheck: New page: Map Check
[2017.08.09-07.28.30:045][  0]LightingResults: New page: Lighting Build
[2017.08.09-07.28.30:293][  0]LogAIModule: Creating AISystem for world world1
[2017.08.09-07.28.30:300][  0]LogEditorServer: Finished looking for orphan Actors (0.000 secs)
[2017.08.09-07.28.30:329][  0]Cmd: MAP CHECKDEP NOCLEARLOG
[2017.08.09-07.28.30:373][  0]MapCheck: Info Map check complete: 0 Error(s), 0 Warning(s), took 43.395ms to complete.
[2017.08.09-07.28.30:373][  0]LogFileHelpers: Loading map 'world1' took 0.374
[2017.08.09-07.28.30:606][  0]LogCollectionManager: Loaded 0 collections in 0.001465 seconds
[2017.08.09-07.28.30:700][  0]LogFileCache: Scanning file cache for directory 'C:/Users/g_mar/Documents/Unreal Projects/MyProject/Saved/Collections/' took 0.01s
[2017.08.09-07.28.30:700][  0]LogFileCache: Scanning file cache for directory 'C:/Users/g_mar/Documents/Unreal Projects/MyProject/Content/Developers/gmar/Collections/' took 0.01s
[2017.08.09-07.28.30:700][  0]LogFileCache: Scanning file cache for directory 'C:/Users/g_mar/Documents/Unreal Projects/MyProject/Content/Collections/' took 0.01s
[2017.08.09-07.28.30:700][  0]LogCollectionManager: Rebuilt the GUID cache for 0 collections in 0.000002 seconds
[2017.08.09-07.28.30:711][  0]LogContentBrowser: Native class hierarchy populated in 0.0094 seconds. Added 2329 classes and 491 folders.
[2017.08.09-07.28.30:779][  0]LogContentBrowser: Native class hierarchy updated for 'WidgetCarousel' in 0.0005 seconds. Added 0 classes and 0 folders.
[2017.08.09-07.28.31:124][  0]LogContentBrowser: Native class hierarchy updated for 'AddContentDialog' in 0.0005 seconds. Added 0 classes and 0 folders.
[2017.08.09-07.28.31:174][  0]LogContentBrowser: Native class hierarchy updated for 'SceneOutliner' in 0.0005 seconds. Added 1 classes and 2 folders.
[2017.08.09-07.28.31:254][  0]LogCrashTracker: Crashtracker disabled due to settings.
[2017.08.09-07.28.31:265][  0]LogSlate: Took 0.000162 seconds to synchronously load lazily loaded font '../../../Engine/Content/Slate/Fonts/Roboto-Regular.ttf' (155K)
[2017.08.09-07.28.31:267][  0]LogSlate: Took 0.000140 seconds to synchronously load lazily loaded font '../../../Engine/Content/Slate/Fonts/Roboto-Bold.ttf' (160K)
[2017.08.09-07.28.31:280][  0]LogSlate: Took 0.006237 seconds to synchronously load lazily loaded font '../../../Engine/Content/Editor/Slate/Fonts/FontAwesome.ttf' (139K)
[2017.08.09-07.28.31:394][  0]LogRenderer: Reallocating scene render targets to support 1208x576 NumSamples 1 (Frame:1).
[2017.08.09-07.28.31:882][  0]LogUObjectGlobals:Warning: Failed to find object 'Class None.'
[2017.08.09-07.28.31:945][  0]LogContentBrowser: Native class hierarchy updated for 'HierarchicalLODOutliner' in 0.0006 seconds. Added 1 classes and 2 folders.
[2017.08.09-07.28.31:945][  0]LogLoad: (Engine Initialization) Total time: 17.88 seconds
[2017.08.09-07.28.31:945][  0]LogLoad: (Engine Initialization) Total Blueprint compile time: 0.08 seconds
[2017.08.09-07.28.31:945][  0]LogExternalProfiler: No external profilers were discovered.  External profiling features will not be available.
[2017.08.09-07.28.32:301][  0]LogOcInput: OculusInput pre-init called
[2017.08.09-07.28.32:301][  0]LogHMD: Starting GearVRController plugin
[2017.08.09-07.28.32:327][  0]LogContentStreaming: Texture pool size now 1000 MB
[2017.08.09-07.28.33:625][  4]LogAssetRegistry: Asset discovery search completed in 12.2562 seconds
[2017.08.09-07.28.33:627][  4]LogCollectionManager: Rebuilt the object cache for 0 collections in 0.000001 seconds (found 0 objects)
[2017.08.09-07.28.33:627][  4]LogCollectionManager: Fixed up redirectors for 0 collections in 0.000029 seconds (updated 0 objects)
[2017.08.09-07.28.36:659][ 13]LogSlate: Took 0.010841 seconds to synchronously load lazily loaded font '../../../Engine/Content/Slate/Fonts/Roboto-Light.ttf' (159K)
